c:\cpython\pcbuild\obj\310amd64_pginstrument\pythoncore\vc142.pdb
c:\cpython\pcbuild\obj\310amd64_pginstrument\pythoncore\_stat.obj
c:\cpython\pcbuild\obj\310amd64_pginstrument\pythoncore\_sre.obj
c:\cpython\pcbuild\obj\310amd64_pginstrument\pythoncore\sha3module.obj
c:\cpython\pcbuild\obj\310amd64_pginstrument\pythoncore\_randommodule.obj
c:\cpython\pcbuild\obj\310amd64_pginstrument\pythoncore\_pickle.obj
c:\cpython\pcbuild\obj\310amd64_pginstrument\pythoncore\_math.obj
c:\cpython\pcbuild\obj\310amd64_pginstrument\pythoncore\_lsprof.obj
c:\cpython\pcbuild\obj\310amd64_pginstrument\pythoncore\_localemodule.obj
c:\cpython\pcbuild\obj\310amd64_pginstrument\pythoncore\_json.obj
c:\cpython\pcbuild\obj\310amd64_pginstrument\pythoncore\_heapqmodule.obj
c:\cpython\pcbuild\obj\310amd64_pginstrument\pythoncore\_functoolsmodule.obj
c:\cpython\pcbuild\obj\310amd64_pginstrument\pythoncore\_csv.obj
c:\cpython\pcbuild\obj\310amd64_pginstrument\pythoncore\_contextvarsmodule.obj
c:\cpython\pcbuild\obj\310amd64_pginstrument\pythoncore\_collectionsmodule.obj
c:\cpython\pcbuild\obj\310amd64_pginstrument\pythoncore\_codecsmodule.obj
c:\cpython\pcbuild\obj\310amd64_pginstrument\pythoncore\blake2s_impl.obj
c:\cpython\pcbuild\obj\310amd64_pginstrument\pythoncore\blake2b_impl.obj
c:\cpython\pcbuild\obj\310amd64_pginstrument\pythoncore\blake2module.obj
c:\cpython\pcbuild\obj\310amd64_pginstrument\pythoncore\_bisectmodule.obj
c:\cpython\pcbuild\obj\310amd64_pginstrument\pythoncore\_abc.obj
c:\cpython\pcbuild\obj\310amd64_pginstrument\pythoncore\rotatingtree.obj
c:\cpython\pcbuild\obj\310amd64_pginstrument\pythoncore\posixmodule.obj
c:\cpython\pcbuild\obj\310amd64_pginstrument\pythoncore\_operator.obj
c:\cpython\pcbuild\obj\310amd64_pginstrument\pythoncore\_opcode.obj
c:\cpython\pcbuild\obj\310amd64_pginstrument\pythoncore\mmapmodule.obj
c:\cpython\pcbuild\obj\310amd64_pginstrument\pythoncore\md5module.obj
c:\cpython\pcbuild\obj\310amd64_pginstrument\pythoncore\mathmodule.obj
c:\cpython\pcbuild\obj\310amd64_pginstrument\pythoncore\main.obj
c:\cpython\pcbuild\obj\310amd64_pginstrument\pythoncore\itertoolsmodule.obj
c:\cpython\pcbuild\obj\310amd64_pginstrument\pythoncore\gcmodule.obj
c:\cpython\pcbuild\obj\310amd64_pginstrument\pythoncore\faulthandler.obj
c:\cpython\pcbuild\obj\310amd64_pginstrument\pythoncore\errnomodule.obj
c:\cpython\pcbuild\obj\310amd64_pginstrument\pythoncore\_datetimemodule.obj
c:\cpython\pcbuild\obj\310amd64_pginstrument\pythoncore\cmathmodule.obj
c:\cpython\pcbuild\obj\310amd64_pginstrument\pythoncore\binascii.obj
c:\cpython\pcbuild\obj\310amd64_pginstrument\pythoncore\audioop.obj
c:\cpython\pcbuild\obj\310amd64_pginstrument\pythoncore\atexitmodule.obj
c:\cpython\pcbuild\obj\310amd64_pginstrument\pythoncore\arraymodule.obj
c:\cpython\pcbuild\obj\310amd64_pginstrument\pythoncore\_weakref.obj
c:\cpython\pcbuild\obj\310amd64_pginstrument\pythoncore\_struct.obj
c:\cpython\pcbuild\obj\310amd64_pginstrument\pythoncore\_codecs_cn.obj
c:\cpython\pcbuild\obj\310amd64_pginstrument\pythoncore\_iomodule.obj
c:\cpython\pcbuild\obj\310amd64_pginstrument\pythoncore\winconsoleio.obj
c:\cpython\pcbuild\obj\310amd64_pginstrument\pythoncore\textio.obj
c:\cpython\pcbuild\obj\310amd64_pginstrument\pythoncore\iobase.obj
c:\cpython\pcbuild\obj\310amd64_pginstrument\pythoncore\bufferedio.obj
c:\cpython\pcbuild\obj\310amd64_pginstrument\pythoncore\stringio.obj
c:\cpython\pcbuild\obj\310amd64_pginstrument\pythoncore\bytesio.obj
c:\cpython\pcbuild\obj\310amd64_pginstrument\pythoncore\fileio.obj
c:\cpython\pcbuild\obj\310amd64_pginstrument\pythoncore\_xxsubinterpretersmodule.obj
c:\cpython\pcbuild\obj\310amd64_pginstrument\pythoncore\xxsubtype.obj
c:\cpython\pcbuild\obj\310amd64_pginstrument\pythoncore\timemodule.obj
c:\cpython\pcbuild\obj\310amd64_pginstrument\pythoncore\_tracemalloc.obj
c:\cpython\pcbuild\obj\310amd64_pginstrument\pythoncore\_threadmodule.obj
c:\cpython\pcbuild\obj\310amd64_pginstrument\pythoncore\symtablemodule.obj
c:\cpython\pcbuild\obj\310amd64_pginstrument\pythoncore\_statisticsmodule.obj
c:\cpython\pcbuild\obj\310amd64_pginstrument\pythoncore\signalmodule.obj
c:\cpython\pcbuild\obj\310amd64_pginstrument\pythoncore\sha512module.obj
c:\cpython\pcbuild\obj\310amd64_pginstrument\pythoncore\sha256module.obj
c:\cpython\pcbuild\obj\310amd64_pginstrument\pythoncore\sha1module.obj
c:\cpython\pcbuild\obj\310amd64_pginstrument\pythoncore\descrobject.obj
c:\cpython\pcbuild\obj\310amd64_pginstrument\pythoncore\complexobject.obj
c:\cpython\pcbuild\obj\310amd64_pginstrument\pythoncore\codeobject.obj
c:\cpython\pcbuild\obj\310amd64_pginstrument\pythoncore\classobject.obj
c:\cpython\pcbuild\obj\310amd64_pginstrument\pythoncore\cellobject.obj
c:\cpython\pcbuild\obj\310amd64_pginstrument\pythoncore\capsule.obj
c:\cpython\pcbuild\obj\310amd64_pginstrument\pythoncore\call.obj
c:\cpython\pcbuild\obj\310amd64_pginstrument\pythoncore\bytesobject.obj
c:\cpython\pcbuild\obj\310amd64_pginstrument\pythoncore\bytes_methods.obj
c:\cpython\pcbuild\obj\310amd64_pginstrument\pythoncore\bytearrayobject.obj
c:\cpython\pcbuild\obj\310amd64_pginstrument\pythoncore\boolobject.obj
c:\cpython\pcbuild\obj\310amd64_pginstrument\pythoncore\accu.obj
c:\cpython\pcbuild\obj\310amd64_pginstrument\pythoncore\abstract.obj
c:\cpython\pcbuild\obj\310amd64_pginstrument\pythoncore\_winapi.obj
c:\cpython\pcbuild\obj\310amd64_pginstrument\pythoncore\multibytecodec.obj
c:\cpython\pcbuild\obj\310amd64_pginstrument\pythoncore\_codecs_tw.obj
c:\cpython\pcbuild\obj\310amd64_pginstrument\pythoncore\_codecs_kr.obj
c:\cpython\pcbuild\obj\310amd64_pginstrument\pythoncore\_codecs_jp.obj
c:\cpython\pcbuild\obj\310amd64_pginstrument\pythoncore\_codecs_iso2022.obj
c:\cpython\pcbuild\obj\310amd64_pginstrument\pythoncore\_codecs_hk.obj
c:\cpython\pcbuild\obj\310amd64_pginstrument\pythoncore\odictobject.obj
c:\cpython\pcbuild\obj\310amd64_pginstrument\pythoncore\obmalloc.obj
c:\cpython\pcbuild\obj\310amd64_pginstrument\pythoncore\object.obj
c:\cpython\pcbuild\obj\310amd64_pginstrument\pythoncore\namespaceobject.obj
c:\cpython\pcbuild\obj\310amd64_pginstrument\pythoncore\moduleobject.obj
c:\cpython\pcbuild\obj\310amd64_pginstrument\pythoncore\methodobject.obj
c:\cpython\pcbuild\obj\310amd64_pginstrument\pythoncore\memoryobject.obj
c:\cpython\pcbuild\obj\310amd64_pginstrument\pythoncore\longobject.obj
c:\cpython\pcbuild\obj\310amd64_pginstrument\pythoncore\listobject.obj
c:\cpython\pcbuild\obj\310amd64_pginstrument\pythoncore\iterobject.obj
c:\cpython\pcbuild\obj\310amd64_pginstrument\pythoncore\interpreteridobject.obj
c:\cpython\pcbuild\obj\310amd64_pginstrument\pythoncore\genobject.obj
c:\cpython\pcbuild\obj\310amd64_pginstrument\pythoncore\genericaliasobject.obj
c:\cpython\pcbuild\obj\310amd64_pginstrument\pythoncore\funcobject.obj
c:\cpython\pcbuild\obj\310amd64_pginstrument\pythoncore\frameobject.obj
c:\cpython\pcbuild\obj\310amd64_pginstrument\pythoncore\floatobject.obj
c:\cpython\pcbuild\obj\310amd64_pginstrument\pythoncore\fileobject.obj
c:\cpython\pcbuild\obj\310amd64_pginstrument\pythoncore\exceptions.obj
c:\cpython\pcbuild\obj\310amd64_pginstrument\pythoncore\enumobject.obj
c:\cpython\pcbuild\obj\310amd64_pginstrument\pythoncore\dictobject.obj
c:\cpython\pcbuild\obj\310amd64_pginstrument\pythoncore\winreg.obj
c:\cpython\pcbuild\obj\310amd64_pginstrument\pythoncore\invalid_parameter_handler.obj
c:\cpython\pcbuild\obj\310amd64_pginstrument\pythoncore\peg_api.obj
c:\cpython\pcbuild\obj\310amd64_pginstrument\pythoncore\string_parser.obj
c:\cpython\pcbuild\obj\310amd64_pginstrument\pythoncore\parser.obj
c:\cpython\pcbuild\obj\310amd64_pginstrument\pythoncore\pegen.obj
c:\cpython\pcbuild\obj\310amd64_pginstrument\pythoncore\token.obj
c:\cpython\pcbuild\obj\310amd64_pginstrument\pythoncore\tokenizer.obj
c:\cpython\pcbuild\obj\310amd64_pginstrument\pythoncore\myreadline.obj
c:\cpython\pcbuild\obj\310amd64_pginstrument\pythoncore\weakrefobject.obj
c:\cpython\pcbuild\obj\310amd64_pginstrument\pythoncore\unionobject.obj
c:\cpython\pcbuild\obj\310amd64_pginstrument\pythoncore\unicodeobject.obj
c:\cpython\pcbuild\obj\310amd64_pginstrument\pythoncore\unicodectype.obj
c:\cpython\pcbuild\obj\310amd64_pginstrument\pythoncore\typeobject.obj
c:\cpython\pcbuild\obj\310amd64_pginstrument\pythoncore\tupleobject.obj
c:\cpython\pcbuild\obj\310amd64_pginstrument\pythoncore\structseq.obj
c:\cpython\pcbuild\obj\310amd64_pginstrument\pythoncore\sliceobject.obj
c:\cpython\pcbuild\obj\310amd64_pginstrument\pythoncore\setobject.obj
c:\cpython\pcbuild\obj\310amd64_pginstrument\pythoncore\rangeobject.obj
c:\cpython\pcbuild\obj\310amd64_pginstrument\pythoncore\picklebufobject.obj
c:\cpython\pcbuild\obj\310amd64_pginstrument\pythoncore\formatter_unicode.obj
c:\cpython\pcbuild\obj\310amd64_pginstrument\pythoncore\fileutils.obj
c:\cpython\pcbuild\obj\310amd64_pginstrument\pythoncore\errors.obj
c:\cpython\pcbuild\obj\310amd64_pginstrument\pythoncore\dynload_win.obj
c:\cpython\pcbuild\obj\310amd64_pginstrument\pythoncore\dynamic_annotations.obj
c:\cpython\pcbuild\obj\310amd64_pginstrument\pythoncore\context.obj
c:\cpython\pcbuild\obj\310amd64_pginstrument\pythoncore\compile.obj
c:\cpython\pcbuild\obj\310amd64_pginstrument\pythoncore\codecs.obj
c:\cpython\pcbuild\obj\310amd64_pginstrument\pythoncore\ceval.obj
c:\cpython\pcbuild\obj\310amd64_pginstrument\pythoncore\bootstrap_hash.obj
c:\cpython\pcbuild\obj\310amd64_pginstrument\pythoncore\bltinmodule.obj
c:\cpython\pcbuild\obj\310amd64_pginstrument\pythoncore\ast_unparse.obj
c:\cpython\pcbuild\obj\310amd64_pginstrument\pythoncore\ast_opt.obj
c:\cpython\pcbuild\obj\310amd64_pginstrument\pythoncore\ast.obj
c:\cpython\pcbuild\obj\310amd64_pginstrument\pythoncore\asdl.obj
c:\cpython\pcbuild\obj\310amd64_pginstrument\pythoncore\_warnings.obj
c:\cpython\pcbuild\obj\310amd64_pginstrument\pythoncore\pyhash.obj
c:\cpython\pcbuild\obj\310amd64_pginstrument\pythoncore\msvcrtmodule.obj
c:\cpython\pcbuild\obj\310amd64_pginstrument\pythoncore\getpathp.obj
c:\cpython\pcbuild\obj\310amd64_pginstrument\pythoncore\config.obj
c:\cpython\pcbuild\obj\310amd64_pginstrument\pythoncore\pyarena.obj
c:\cpython\pcbuild\obj\310amd64_pginstrument\pythoncore\preconfig.obj
c:\cpython\pcbuild\obj\310amd64_pginstrument\pythoncore\pathconfig.obj
c:\cpython\pcbuild\obj\310amd64_pginstrument\pythoncore\mystrtoul.obj
c:\cpython\pcbuild\obj\310amd64_pginstrument\pythoncore\mysnprintf.obj
c:\cpython\pcbuild\obj\310amd64_pginstrument\pythoncore\modsupport.obj
c:\cpython\pcbuild\obj\310amd64_pginstrument\pythoncore\marshal.obj
c:\cpython\pcbuild\obj\310amd64_pginstrument\pythoncore\initconfig.obj
c:\cpython\pcbuild\obj\310amd64_pginstrument\pythoncore\importdl.obj
c:\cpython\pcbuild\obj\310amd64_pginstrument\pythoncore\import.obj
c:\cpython\pcbuild\obj\310amd64_pginstrument\pythoncore\hashtable.obj
c:\cpython\pcbuild\obj\310amd64_pginstrument\pythoncore\hamt.obj
c:\cpython\pcbuild\obj\310amd64_pginstrument\pythoncore\getversion.obj
c:\cpython\pcbuild\obj\310amd64_pginstrument\pythoncore\getplatform.obj
c:\cpython\pcbuild\obj\310amd64_pginstrument\pythoncore\getopt.obj
c:\cpython\pcbuild\obj\310amd64_pginstrument\pythoncore\getcopyright.obj
c:\cpython\pcbuild\obj\310amd64_pginstrument\pythoncore\getcompiler.obj
c:\cpython\pcbuild\obj\310amd64_pginstrument\pythoncore\getargs.obj
c:\cpython\pcbuild\obj\310amd64_pginstrument\pythoncore\future.obj
c:\cpython\pcbuild\obj\310amd64_pginstrument\pythoncore\frozen.obj
c:\cpython\pcbuild\obj\310amd64_pginstrument\pythoncore\adler32.obj
c:\cpython\pcbuild\obj\310amd64_pginstrument\pythoncore\zlibmodule.obj
c:\cpython\pcbuild\obj\310amd64_pginstrument\pythoncore\traceback.obj
c:\cpython\pcbuild\obj\310amd64_pginstrument\pythoncore\thread.obj
c:\cpython\pcbuild\obj\310amd64_pginstrument\pythoncore\sysmodule.obj
c:\cpython\pcbuild\obj\310amd64_pginstrument\pythoncore\symtable.obj
c:\cpython\pcbuild\obj\310amd64_pginstrument\pythoncore\structmember.obj
c:\cpython\pcbuild\obj\310amd64_pginstrument\pythoncore\suggestions.obj
c:\cpython\pcbuild\obj\310amd64_pginstrument\pythoncore\pythonrun.obj
c:\cpython\pcbuild\obj\310amd64_pginstrument\pythoncore\python-ast.obj
c:\cpython\pcbuild\obj\310amd64_pginstrument\pythoncore\dtoa.obj
c:\cpython\pcbuild\obj\310amd64_pginstrument\pythoncore\pystrtod.obj
c:\cpython\pcbuild\obj\310amd64_pginstrument\pythoncore\pystrhex.obj
c:\cpython\pcbuild\obj\310amd64_pginstrument\pythoncore\pystrcmp.obj
c:\cpython\pcbuild\obj\310amd64_pginstrument\pythoncore\pystate.obj
c:\cpython\pcbuild\obj\310amd64_pginstrument\pythoncore\pytime.obj
c:\cpython\pcbuild\obj\310amd64_pginstrument\pythoncore\pymath.obj
c:\cpython\pcbuild\obj\310amd64_pginstrument\pythoncore\pylifecycle.obj
c:\cpython\pcbuild\obj\310amd64_pginstrument\pythoncore\pyfpe.obj
c:\cpython\pcbuild\obj\310amd64_pginstrument\pythoncore\pyctype.obj
c:\cpython\pcbuild\obj\310amd64_pginstrument\pythoncore\dl_nt.obj
c:\cpython\pcbuild\obj\310amd64_pginstrument\pythoncore\zutil.obj
c:\cpython\pcbuild\obj\310amd64_pginstrument\pythoncore\uncompr.obj
c:\cpython\pcbuild\obj\310amd64_pginstrument\pythoncore\trees.obj
c:\cpython\pcbuild\obj\310amd64_pginstrument\pythoncore\inftrees.obj
c:\cpython\pcbuild\obj\310amd64_pginstrument\pythoncore\inflate.obj
c:\cpython\pcbuild\obj\310amd64_pginstrument\pythoncore\inffast.obj
c:\cpython\pcbuild\obj\310amd64_pginstrument\pythoncore\infback.obj
c:\cpython\pcbuild\obj\310amd64_pginstrument\pythoncore\deflate.obj
c:\cpython\pcbuild\obj\310amd64_pginstrument\pythoncore\crc32.obj
c:\cpython\pcbuild\obj\310amd64_pginstrument\pythoncore\compress.obj
c:\cpython\pcbuild\obj\310amd64_pginstrument\pythoncore\getbuildinfo.obj
c:\cpython\pcbuild\amd64\instrumented\python310.dll
c:\cpython\pcbuild\amd64\instrumented\python310.pgd
c:\cpython\pcbuild\obj\310amd64_pginstrument\pythoncore\python310.iobj
c:\cpython\pcbuild\amd64\instrumented\python310.pdb
c:\cpython\pcbuild\amd64\instrumented\python310.lib
c:\cpython\pcbuild\amd64\instrumented\python310.exp
c:\cpython\pcbuild\obj\310amd64_pginstrument\pythoncore\python_nt.res
c:\cpython\pcbuild\obj\310amd64_pginstrument\pythoncore\pythoncore.tlog\cl.command.1.tlog
c:\cpython\pcbuild\obj\310amd64_pginstrument\pythoncore\pythoncore.tlog\cl.read.1.tlog
c:\cpython\pcbuild\obj\310amd64_pginstrument\pythoncore\pythoncore.tlog\cl.write.1.tlog
c:\cpython\pcbuild\obj\310amd64_pginstrument\pythoncore\pythoncore.tlog\link.command.1.tlog
c:\cpython\pcbuild\obj\310amd64_pginstrument\pythoncore\pythoncore.tlog\link.read.1.tlog
c:\cpython\pcbuild\obj\310amd64_pginstrument\pythoncore\pythoncore.tlog\link.write.1.tlog
c:\cpython\pcbuild\obj\310amd64_pginstrument\pythoncore\pythoncore.tlog\pythoncore.write.1u.tlog
c:\cpython\pcbuild\obj\310amd64_pginstrument\pythoncore\pythoncore.tlog\rc.command.1.tlog
c:\cpython\pcbuild\obj\310amd64_pginstrument\pythoncore\pythoncore.tlog\rc.read.1.tlog
c:\cpython\pcbuild\obj\310amd64_pginstrument\pythoncore\pythoncore.tlog\rc.write.1.tlog
