c:\cpython\pcbuild\obj\310win32_debug\pythoncore\vc142.pdb
c:\cpython\pcbuild\obj\310win32_debug\pythoncore\_stat.obj
c:\cpython\pcbuild\obj\310win32_debug\pythoncore\_sre.obj
c:\cpython\pcbuild\obj\310win32_debug\pythoncore\sha3module.obj
c:\cpython\pcbuild\obj\310win32_debug\pythoncore\_randommodule.obj
c:\cpython\pcbuild\obj\310win32_debug\pythoncore\_pickle.obj
c:\cpython\pcbuild\obj\310win32_debug\pythoncore\_math.obj
c:\cpython\pcbuild\obj\310win32_debug\pythoncore\_lsprof.obj
c:\cpython\pcbuild\obj\310win32_debug\pythoncore\_localemodule.obj
c:\cpython\pcbuild\obj\310win32_debug\pythoncore\_json.obj
c:\cpython\pcbuild\obj\310win32_debug\pythoncore\_heapqmodule.obj
c:\cpython\pcbuild\obj\310win32_debug\pythoncore\_functoolsmodule.obj
c:\cpython\pcbuild\obj\310win32_debug\pythoncore\_csv.obj
c:\cpython\pcbuild\obj\310win32_debug\pythoncore\_contextvarsmodule.obj
c:\cpython\pcbuild\obj\310win32_debug\pythoncore\_collectionsmodule.obj
c:\cpython\pcbuild\obj\310win32_debug\pythoncore\_codecsmodule.obj
c:\cpython\pcbuild\obj\310win32_debug\pythoncore\blake2s_impl.obj
c:\cpython\pcbuild\obj\310win32_debug\pythoncore\blake2b_impl.obj
c:\cpython\pcbuild\obj\310win32_debug\pythoncore\blake2module.obj
c:\cpython\pcbuild\obj\310win32_debug\pythoncore\_bisectmodule.obj
c:\cpython\pcbuild\obj\310win32_debug\pythoncore\_abc.obj
c:\cpython\pcbuild\obj\310win32_debug\pythoncore\rotatingtree.obj
c:\cpython\pcbuild\obj\310win32_debug\pythoncore\posixmodule.obj
c:\cpython\pcbuild\obj\310win32_debug\pythoncore\_operator.obj
c:\cpython\pcbuild\obj\310win32_debug\pythoncore\_opcode.obj
c:\cpython\pcbuild\obj\310win32_debug\pythoncore\mmapmodule.obj
c:\cpython\pcbuild\obj\310win32_debug\pythoncore\md5module.obj
c:\cpython\pcbuild\obj\310win32_debug\pythoncore\mathmodule.obj
c:\cpython\pcbuild\obj\310win32_debug\pythoncore\main.obj
c:\cpython\pcbuild\obj\310win32_debug\pythoncore\itertoolsmodule.obj
c:\cpython\pcbuild\obj\310win32_debug\pythoncore\gcmodule.obj
c:\cpython\pcbuild\obj\310win32_debug\pythoncore\faulthandler.obj
c:\cpython\pcbuild\obj\310win32_debug\pythoncore\errnomodule.obj
c:\cpython\pcbuild\obj\310win32_debug\pythoncore\_datetimemodule.obj
c:\cpython\pcbuild\obj\310win32_debug\pythoncore\cmathmodule.obj
c:\cpython\pcbuild\obj\310win32_debug\pythoncore\binascii.obj
c:\cpython\pcbuild\obj\310win32_debug\pythoncore\audioop.obj
c:\cpython\pcbuild\obj\310win32_debug\pythoncore\atexitmodule.obj
c:\cpython\pcbuild\obj\310win32_debug\pythoncore\arraymodule.obj
c:\cpython\pcbuild\obj\310win32_debug\pythoncore\_weakref.obj
c:\cpython\pcbuild\obj\310win32_debug\pythoncore\_struct.obj
c:\cpython\pcbuild\obj\310win32_debug\pythoncore\_codecs_cn.obj
c:\cpython\pcbuild\obj\310win32_debug\pythoncore\_iomodule.obj
c:\cpython\pcbuild\obj\310win32_debug\pythoncore\winconsoleio.obj
c:\cpython\pcbuild\obj\310win32_debug\pythoncore\textio.obj
c:\cpython\pcbuild\obj\310win32_debug\pythoncore\iobase.obj
c:\cpython\pcbuild\obj\310win32_debug\pythoncore\bufferedio.obj
c:\cpython\pcbuild\obj\310win32_debug\pythoncore\stringio.obj
c:\cpython\pcbuild\obj\310win32_debug\pythoncore\bytesio.obj
c:\cpython\pcbuild\obj\310win32_debug\pythoncore\fileio.obj
c:\cpython\pcbuild\obj\310win32_debug\pythoncore\_xxsubinterpretersmodule.obj
c:\cpython\pcbuild\obj\310win32_debug\pythoncore\xxsubtype.obj
c:\cpython\pcbuild\obj\310win32_debug\pythoncore\timemodule.obj
c:\cpython\pcbuild\obj\310win32_debug\pythoncore\_tracemalloc.obj
c:\cpython\pcbuild\obj\310win32_debug\pythoncore\_threadmodule.obj
c:\cpython\pcbuild\obj\310win32_debug\pythoncore\symtablemodule.obj
c:\cpython\pcbuild\obj\310win32_debug\pythoncore\_statisticsmodule.obj
c:\cpython\pcbuild\obj\310win32_debug\pythoncore\signalmodule.obj
c:\cpython\pcbuild\obj\310win32_debug\pythoncore\sha512module.obj
c:\cpython\pcbuild\obj\310win32_debug\pythoncore\sha256module.obj
c:\cpython\pcbuild\obj\310win32_debug\pythoncore\sha1module.obj
c:\cpython\pcbuild\obj\310win32_debug\pythoncore\descrobject.obj
c:\cpython\pcbuild\obj\310win32_debug\pythoncore\complexobject.obj
c:\cpython\pcbuild\obj\310win32_debug\pythoncore\codeobject.obj
c:\cpython\pcbuild\obj\310win32_debug\pythoncore\classobject.obj
c:\cpython\pcbuild\obj\310win32_debug\pythoncore\cellobject.obj
c:\cpython\pcbuild\obj\310win32_debug\pythoncore\capsule.obj
c:\cpython\pcbuild\obj\310win32_debug\pythoncore\call.obj
c:\cpython\pcbuild\obj\310win32_debug\pythoncore\bytesobject.obj
c:\cpython\pcbuild\obj\310win32_debug\pythoncore\bytes_methods.obj
c:\cpython\pcbuild\obj\310win32_debug\pythoncore\bytearrayobject.obj
c:\cpython\pcbuild\obj\310win32_debug\pythoncore\boolobject.obj
c:\cpython\pcbuild\obj\310win32_debug\pythoncore\accu.obj
c:\cpython\pcbuild\obj\310win32_debug\pythoncore\abstract.obj
c:\cpython\pcbuild\obj\310win32_debug\pythoncore\_winapi.obj
c:\cpython\pcbuild\obj\310win32_debug\pythoncore\multibytecodec.obj
c:\cpython\pcbuild\obj\310win32_debug\pythoncore\_codecs_tw.obj
c:\cpython\pcbuild\obj\310win32_debug\pythoncore\_codecs_kr.obj
c:\cpython\pcbuild\obj\310win32_debug\pythoncore\_codecs_jp.obj
c:\cpython\pcbuild\obj\310win32_debug\pythoncore\_codecs_iso2022.obj
c:\cpython\pcbuild\obj\310win32_debug\pythoncore\_codecs_hk.obj
c:\cpython\pcbuild\obj\310win32_debug\pythoncore\odictobject.obj
c:\cpython\pcbuild\obj\310win32_debug\pythoncore\obmalloc.obj
c:\cpython\pcbuild\obj\310win32_debug\pythoncore\object.obj
c:\cpython\pcbuild\obj\310win32_debug\pythoncore\namespaceobject.obj
c:\cpython\pcbuild\obj\310win32_debug\pythoncore\moduleobject.obj
c:\cpython\pcbuild\obj\310win32_debug\pythoncore\methodobject.obj
c:\cpython\pcbuild\obj\310win32_debug\pythoncore\memoryobject.obj
c:\cpython\pcbuild\obj\310win32_debug\pythoncore\longobject.obj
c:\cpython\pcbuild\obj\310win32_debug\pythoncore\listobject.obj
c:\cpython\pcbuild\obj\310win32_debug\pythoncore\iterobject.obj
c:\cpython\pcbuild\obj\310win32_debug\pythoncore\interpreteridobject.obj
c:\cpython\pcbuild\obj\310win32_debug\pythoncore\genobject.obj
c:\cpython\pcbuild\obj\310win32_debug\pythoncore\genericaliasobject.obj
c:\cpython\pcbuild\obj\310win32_debug\pythoncore\funcobject.obj
c:\cpython\pcbuild\obj\310win32_debug\pythoncore\frameobject.obj
c:\cpython\pcbuild\obj\310win32_debug\pythoncore\floatobject.obj
c:\cpython\pcbuild\obj\310win32_debug\pythoncore\fileobject.obj
c:\cpython\pcbuild\obj\310win32_debug\pythoncore\exceptions.obj
c:\cpython\pcbuild\obj\310win32_debug\pythoncore\enumobject.obj
c:\cpython\pcbuild\obj\310win32_debug\pythoncore\dictobject.obj
c:\cpython\pcbuild\obj\310win32_debug\pythoncore\winreg.obj
c:\cpython\pcbuild\obj\310win32_debug\pythoncore\invalid_parameter_handler.obj
c:\cpython\pcbuild\obj\310win32_debug\pythoncore\peg_api.obj
c:\cpython\pcbuild\obj\310win32_debug\pythoncore\string_parser.obj
c:\cpython\pcbuild\obj\310win32_debug\pythoncore\parser.obj
c:\cpython\pcbuild\obj\310win32_debug\pythoncore\pegen.obj
c:\cpython\pcbuild\obj\310win32_debug\pythoncore\token.obj
c:\cpython\pcbuild\obj\310win32_debug\pythoncore\tokenizer.obj
c:\cpython\pcbuild\obj\310win32_debug\pythoncore\myreadline.obj
c:\cpython\pcbuild\obj\310win32_debug\pythoncore\weakrefobject.obj
c:\cpython\pcbuild\obj\310win32_debug\pythoncore\unionobject.obj
c:\cpython\pcbuild\obj\310win32_debug\pythoncore\unicodeobject.obj
c:\cpython\pcbuild\obj\310win32_debug\pythoncore\unicodectype.obj
c:\cpython\pcbuild\obj\310win32_debug\pythoncore\typeobject.obj
c:\cpython\pcbuild\obj\310win32_debug\pythoncore\tupleobject.obj
c:\cpython\pcbuild\obj\310win32_debug\pythoncore\structseq.obj
c:\cpython\pcbuild\obj\310win32_debug\pythoncore\sliceobject.obj
c:\cpython\pcbuild\obj\310win32_debug\pythoncore\setobject.obj
c:\cpython\pcbuild\obj\310win32_debug\pythoncore\rangeobject.obj
c:\cpython\pcbuild\obj\310win32_debug\pythoncore\picklebufobject.obj
c:\cpython\pcbuild\obj\310win32_debug\pythoncore\formatter_unicode.obj
c:\cpython\pcbuild\obj\310win32_debug\pythoncore\fileutils.obj
c:\cpython\pcbuild\obj\310win32_debug\pythoncore\errors.obj
c:\cpython\pcbuild\obj\310win32_debug\pythoncore\dynload_win.obj
c:\cpython\pcbuild\obj\310win32_debug\pythoncore\dynamic_annotations.obj
c:\cpython\pcbuild\obj\310win32_debug\pythoncore\context.obj
c:\cpython\pcbuild\obj\310win32_debug\pythoncore\compile.obj
c:\cpython\pcbuild\obj\310win32_debug\pythoncore\codecs.obj
c:\cpython\pcbuild\obj\310win32_debug\pythoncore\ceval.obj
c:\cpython\pcbuild\obj\310win32_debug\pythoncore\bootstrap_hash.obj
c:\cpython\pcbuild\obj\310win32_debug\pythoncore\bltinmodule.obj
c:\cpython\pcbuild\obj\310win32_debug\pythoncore\ast_unparse.obj
c:\cpython\pcbuild\obj\310win32_debug\pythoncore\ast_opt.obj
c:\cpython\pcbuild\obj\310win32_debug\pythoncore\ast.obj
c:\cpython\pcbuild\obj\310win32_debug\pythoncore\asdl.obj
c:\cpython\pcbuild\obj\310win32_debug\pythoncore\_warnings.obj
c:\cpython\pcbuild\obj\310win32_debug\pythoncore\pyhash.obj
c:\cpython\pcbuild\obj\310win32_debug\pythoncore\msvcrtmodule.obj
c:\cpython\pcbuild\obj\310win32_debug\pythoncore\getpathp.obj
c:\cpython\pcbuild\obj\310win32_debug\pythoncore\config.obj
c:\cpython\pcbuild\obj\310win32_debug\pythoncore\pyarena.obj
c:\cpython\pcbuild\obj\310win32_debug\pythoncore\preconfig.obj
c:\cpython\pcbuild\obj\310win32_debug\pythoncore\pathconfig.obj
c:\cpython\pcbuild\obj\310win32_debug\pythoncore\mystrtoul.obj
c:\cpython\pcbuild\obj\310win32_debug\pythoncore\mysnprintf.obj
c:\cpython\pcbuild\obj\310win32_debug\pythoncore\modsupport.obj
c:\cpython\pcbuild\obj\310win32_debug\pythoncore\marshal.obj
c:\cpython\pcbuild\obj\310win32_debug\pythoncore\initconfig.obj
c:\cpython\pcbuild\obj\310win32_debug\pythoncore\importdl.obj
c:\cpython\pcbuild\obj\310win32_debug\pythoncore\import.obj
c:\cpython\pcbuild\obj\310win32_debug\pythoncore\hashtable.obj
c:\cpython\pcbuild\obj\310win32_debug\pythoncore\hamt.obj
c:\cpython\pcbuild\obj\310win32_debug\pythoncore\getversion.obj
c:\cpython\pcbuild\obj\310win32_debug\pythoncore\getplatform.obj
c:\cpython\pcbuild\obj\310win32_debug\pythoncore\getopt.obj
c:\cpython\pcbuild\obj\310win32_debug\pythoncore\getcopyright.obj
c:\cpython\pcbuild\obj\310win32_debug\pythoncore\getcompiler.obj
c:\cpython\pcbuild\obj\310win32_debug\pythoncore\getargs.obj
c:\cpython\pcbuild\obj\310win32_debug\pythoncore\future.obj
c:\cpython\pcbuild\obj\310win32_debug\pythoncore\frozen.obj
c:\cpython\pcbuild\obj\310win32_debug\pythoncore\adler32.obj
c:\cpython\pcbuild\obj\310win32_debug\pythoncore\zlibmodule.obj
c:\cpython\pcbuild\obj\310win32_debug\pythoncore\traceback.obj
c:\cpython\pcbuild\obj\310win32_debug\pythoncore\thread.obj
c:\cpython\pcbuild\obj\310win32_debug\pythoncore\sysmodule.obj
c:\cpython\pcbuild\obj\310win32_debug\pythoncore\symtable.obj
c:\cpython\pcbuild\obj\310win32_debug\pythoncore\structmember.obj
c:\cpython\pcbuild\obj\310win32_debug\pythoncore\suggestions.obj
c:\cpython\pcbuild\obj\310win32_debug\pythoncore\pythonrun.obj
c:\cpython\pcbuild\obj\310win32_debug\pythoncore\python-ast.obj
c:\cpython\pcbuild\obj\310win32_debug\pythoncore\dtoa.obj
c:\cpython\pcbuild\obj\310win32_debug\pythoncore\pystrtod.obj
c:\cpython\pcbuild\obj\310win32_debug\pythoncore\pystrhex.obj
c:\cpython\pcbuild\obj\310win32_debug\pythoncore\pystrcmp.obj
c:\cpython\pcbuild\obj\310win32_debug\pythoncore\pystate.obj
c:\cpython\pcbuild\obj\310win32_debug\pythoncore\pytime.obj
c:\cpython\pcbuild\obj\310win32_debug\pythoncore\pymath.obj
c:\cpython\pcbuild\obj\310win32_debug\pythoncore\pylifecycle.obj
c:\cpython\pcbuild\obj\310win32_debug\pythoncore\pyfpe.obj
c:\cpython\pcbuild\obj\310win32_debug\pythoncore\pyctype.obj
c:\cpython\pcbuild\obj\310win32_debug\pythoncore\dl_nt.obj
c:\cpython\pcbuild\obj\310win32_debug\pythoncore\zutil.obj
c:\cpython\pcbuild\obj\310win32_debug\pythoncore\uncompr.obj
c:\cpython\pcbuild\obj\310win32_debug\pythoncore\trees.obj
c:\cpython\pcbuild\obj\310win32_debug\pythoncore\inftrees.obj
c:\cpython\pcbuild\obj\310win32_debug\pythoncore\inflate.obj
c:\cpython\pcbuild\obj\310win32_debug\pythoncore\inffast.obj
c:\cpython\pcbuild\obj\310win32_debug\pythoncore\infback.obj
c:\cpython\pcbuild\obj\310win32_debug\pythoncore\deflate.obj
c:\cpython\pcbuild\obj\310win32_debug\pythoncore\crc32.obj
c:\cpython\pcbuild\obj\310win32_debug\pythoncore\compress.obj
c:\cpython\pcbuild\obj\310win32_debug\pythoncore\getbuildinfo.obj
c:\cpython\pcbuild\win32\python310_d.ilk
c:\cpython\pcbuild\win32\python310_d.dll
c:\cpython\pcbuild\win32\python310_d.pdb
c:\cpython\pcbuild\win32\python310_d.lib
c:\cpython\pcbuild\win32\python310_d.exp
c:\cpython\pcbuild\obj\310win32_debug\pythoncore\python_nt.res
c:\cpython\pcbuild\obj\310win32_debug\pythoncore\pythoncore.tlog\cl.command.1.tlog
c:\cpython\pcbuild\obj\310win32_debug\pythoncore\pythoncore.tlog\cl.read.1.tlog
c:\cpython\pcbuild\obj\310win32_debug\pythoncore\pythoncore.tlog\cl.write.1.tlog
c:\cpython\pcbuild\obj\310win32_debug\pythoncore\pythoncore.tlog\link.command.1.tlog
c:\cpython\pcbuild\obj\310win32_debug\pythoncore\pythoncore.tlog\link.read.1.tlog
c:\cpython\pcbuild\obj\310win32_debug\pythoncore\pythoncore.tlog\link.write.1.tlog
c:\cpython\pcbuild\obj\310win32_debug\pythoncore\pythoncore.tlog\pythoncore.write.1u.tlog
c:\cpython\pcbuild\obj\310win32_debug\pythoncore\pythoncore.tlog\rc.command.1.tlog
c:\cpython\pcbuild\obj\310win32_debug\pythoncore\pythoncore.tlog\rc.read.1.tlog
c:\cpython\pcbuild\obj\310win32_debug\pythoncore\pythoncore.tlog\rc.write.1.tlog
