c:\cpython\pcbuild\obj\310amd64_pginstrument\_tkinter\vc142.pdb
c:\cpython\pcbuild\obj\310amd64_pginstrument\_tkinter\tkappinit.obj
c:\cpython\pcbuild\obj\310amd64_pginstrument\_tkinter\_tkinter.obj
c:\cpython\pcbuild\amd64\instrumented\_tkinter.pyd
c:\cpython\pcbuild\amd64\instrumented\_tkinter.pgd
c:\cpython\pcbuild\obj\310amd64_pginstrument\_tkinter\_tkinter.iobj
c:\cpython\pcbuild\amd64\instrumented\_tkinter.pdb
c:\cpython\pcbuild\obj\310amd64_pginstrument\_tkinter\python_nt.res
c:\cpython\pcbuild\amd64\instrumented\_tkinter.lib
c:\cpython\pcbuild\amd64\instrumented\_tkinter.exp
c:\cpython\pcbuild\obj\310amd64_pginstrument\_tkinter\_tkinter.tlog\cl.command.1.tlog
c:\cpython\pcbuild\obj\310amd64_pginstrument\_tkinter\_tkinter.tlog\cl.read.1.tlog
c:\cpython\pcbuild\obj\310amd64_pginstrument\_tkinter\_tkinter.tlog\cl.write.1.tlog
c:\cpython\pcbuild\obj\310amd64_pginstrument\_tkinter\_tkinter.tlog\link.command.1.tlog
c:\cpython\pcbuild\obj\310amd64_pginstrument\_tkinter\_tkinter.tlog\link.read.1.tlog
c:\cpython\pcbuild\obj\310amd64_pginstrument\_tkinter\_tkinter.tlog\link.write.1.tlog
c:\cpython\pcbuild\obj\310amd64_pginstrument\_tkinter\_tkinter.tlog\rc.command.1.tlog
c:\cpython\pcbuild\obj\310amd64_pginstrument\_tkinter\_tkinter.tlog\rc.read.1.tlog
c:\cpython\pcbuild\obj\310amd64_pginstrument\_tkinter\_tkinter.tlog\rc.write.1.tlog
c:\cpython\pcbuild\obj\310amd64_pginstrument\_tkinter\_tkinter.tlog\_tkinter.write.1u.tlog
