c:\cpython\pcbuild\obj\310amd64_pginstrument\_multiprocessing\vc142.pdb
c:\cpython\pcbuild\obj\310amd64_pginstrument\_multiprocessing\semaphore.obj
c:\cpython\pcbuild\obj\310amd64_pginstrument\_multiprocessing\multiprocessing.obj
c:\cpython\pcbuild\amd64\instrumented\_multiprocessing.pyd
c:\cpython\pcbuild\amd64\instrumented\_multiprocessing.pgd
c:\cpython\pcbuild\obj\310amd64_pginstrument\_multiprocessing\_multiprocessing.iobj
c:\cpython\pcbuild\amd64\instrumented\_multiprocessing.pdb
c:\cpython\pcbuild\obj\310amd64_pginstrument\_multiprocessing\python_nt.res
c:\cpython\pcbuild\amd64\instrumented\_multiprocessing.lib
c:\cpython\pcbuild\amd64\instrumented\_multiprocessing.exp
c:\cpython\pcbuild\obj\310amd64_pginstrument\_multiprocessing\_multiprocessing.tlog\cl.command.1.tlog
c:\cpython\pcbuild\obj\310amd64_pginstrument\_multiprocessing\_multiprocessing.tlog\cl.read.1.tlog
c:\cpython\pcbuild\obj\310amd64_pginstrument\_multiprocessing\_multiprocessing.tlog\cl.write.1.tlog
c:\cpython\pcbuild\obj\310amd64_pginstrument\_multiprocessing\_multiprocessing.tlog\link.command.1.tlog
c:\cpython\pcbuild\obj\310amd64_pginstrument\_multiprocessing\_multiprocessing.tlog\link.read.1.tlog
c:\cpython\pcbuild\obj\310amd64_pginstrument\_multiprocessing\_multiprocessing.tlog\link.write.1.tlog
c:\cpython\pcbuild\obj\310amd64_pginstrument\_multiprocessing\_multiprocessing.tlog\rc.command.1.tlog
c:\cpython\pcbuild\obj\310amd64_pginstrument\_multiprocessing\_multiprocessing.tlog\rc.read.1.tlog
c:\cpython\pcbuild\obj\310amd64_pginstrument\_multiprocessing\_multiprocessing.tlog\rc.write.1.tlog
c:\cpython\pcbuild\obj\310amd64_pginstrument\_multiprocessing\_multiprocessing.tlog\_multiprocessing.write.1u.tlog
