c:\cpython\pcbuild\obj\310amd64_pginstrument\pyexpat\vc142.pdb
c:\cpython\pcbuild\obj\310amd64_pginstrument\pyexpat\xmltok.obj
c:\cpython\pcbuild\obj\310amd64_pginstrument\pyexpat\xmlrole.obj
c:\cpython\pcbuild\obj\310amd64_pginstrument\pyexpat\xmlparse.obj
c:\cpython\pcbuild\obj\310amd64_pginstrument\pyexpat\pyexpat.obj
c:\cpython\pcbuild\amd64\instrumented\pyexpat.pyd
c:\cpython\pcbuild\amd64\instrumented\pyexpat.pgd
c:\cpython\pcbuild\obj\310amd64_pginstrument\pyexpat\pyexpat.iobj
c:\cpython\pcbuild\amd64\instrumented\pyexpat.pdb
c:\cpython\pcbuild\amd64\instrumented\pyexpat.lib
c:\cpython\pcbuild\amd64\instrumented\pyexpat.exp
c:\cpython\pcbuild\obj\310amd64_pginstrument\pyexpat\python_nt.res
c:\cpython\pcbuild\obj\310amd64_pginstrument\pyexpat\pyexpat.tlog\cl.command.1.tlog
c:\cpython\pcbuild\obj\310amd64_pginstrument\pyexpat\pyexpat.tlog\cl.read.1.tlog
c:\cpython\pcbuild\obj\310amd64_pginstrument\pyexpat\pyexpat.tlog\cl.write.1.tlog
c:\cpython\pcbuild\obj\310amd64_pginstrument\pyexpat\pyexpat.tlog\link.command.1.tlog
c:\cpython\pcbuild\obj\310amd64_pginstrument\pyexpat\pyexpat.tlog\link.read.1.tlog
c:\cpython\pcbuild\obj\310amd64_pginstrument\pyexpat\pyexpat.tlog\link.write.1.tlog
c:\cpython\pcbuild\obj\310amd64_pginstrument\pyexpat\pyexpat.tlog\pyexpat.write.1u.tlog
c:\cpython\pcbuild\obj\310amd64_pginstrument\pyexpat\pyexpat.tlog\rc.command.1.tlog
c:\cpython\pcbuild\obj\310amd64_pginstrument\pyexpat\pyexpat.tlog\rc.read.1.tlog
c:\cpython\pcbuild\obj\310amd64_pginstrument\pyexpat\pyexpat.tlog\rc.write.1.tlog
