c:\cpython\pcbuild\obj\310amd64_pginstrument\_decimal\vc142.pdb
c:\cpython\pcbuild\obj\310amd64_pginstrument\_decimal\transpose.obj
c:\cpython\pcbuild\obj\310amd64_pginstrument\_decimal\sixstep.obj
c:\cpython\pcbuild\obj\310amd64_pginstrument\_decimal\numbertheory.obj
c:\cpython\pcbuild\obj\310amd64_pginstrument\_decimal\mpdecimal.obj
c:\cpython\pcbuild\obj\310amd64_pginstrument\_decimal\mpalloc.obj
c:\cpython\pcbuild\obj\310amd64_pginstrument\_decimal\io.obj
c:\cpython\pcbuild\obj\310amd64_pginstrument\_decimal\fourstep.obj
c:\cpython\pcbuild\obj\310amd64_pginstrument\_decimal\fnt.obj
c:\cpython\pcbuild\obj\310amd64_pginstrument\_decimal\difradix2.obj
c:\cpython\pcbuild\obj\310amd64_pginstrument\_decimal\crt.obj
c:\cpython\pcbuild\obj\310amd64_pginstrument\_decimal\convolute.obj
c:\cpython\pcbuild\obj\310amd64_pginstrument\_decimal\context.obj
c:\cpython\pcbuild\obj\310amd64_pginstrument\_decimal\constants.obj
c:\cpython\pcbuild\obj\310amd64_pginstrument\_decimal\basearith.obj
c:\cpython\pcbuild\obj\310amd64_pginstrument\_decimal\_decimal.obj
c:\cpython\pcbuild\obj\310amd64_pginstrument\_decimal\vcdiv64.obj
c:\cpython\pcbuild\amd64\instrumented\_decimal.pyd
c:\cpython\pcbuild\amd64\instrumented\_decimal.pgd
c:\cpython\pcbuild\obj\310amd64_pginstrument\_decimal\_decimal.iobj
c:\cpython\pcbuild\amd64\instrumented\_decimal.pdb
c:\cpython\pcbuild\obj\310amd64_pginstrument\_decimal\python_nt.res
c:\cpython\pcbuild\amd64\instrumented\_decimal.lib
c:\cpython\pcbuild\amd64\instrumented\_decimal.exp
c:\cpython\pcbuild\obj\310amd64_pginstrument\_decimal\_decimal.tlog\cl.command.1.tlog
c:\cpython\pcbuild\obj\310amd64_pginstrument\_decimal\_decimal.tlog\cl.read.1.tlog
c:\cpython\pcbuild\obj\310amd64_pginstrument\_decimal\_decimal.tlog\cl.write.1.tlog
c:\cpython\pcbuild\obj\310amd64_pginstrument\_decimal\_decimal.tlog\custombuild.command.1.tlog
c:\cpython\pcbuild\obj\310amd64_pginstrument\_decimal\_decimal.tlog\custombuild.read.1.tlog
c:\cpython\pcbuild\obj\310amd64_pginstrument\_decimal\_decimal.tlog\custombuild.write.1.tlog
c:\cpython\pcbuild\obj\310amd64_pginstrument\_decimal\_decimal.tlog\link.command.1.tlog
c:\cpython\pcbuild\obj\310amd64_pginstrument\_decimal\_decimal.tlog\link.read.1.tlog
c:\cpython\pcbuild\obj\310amd64_pginstrument\_decimal\_decimal.tlog\link.write.1.tlog
c:\cpython\pcbuild\obj\310amd64_pginstrument\_decimal\_decimal.tlog\rc.command.1.tlog
c:\cpython\pcbuild\obj\310amd64_pginstrument\_decimal\_decimal.tlog\rc.read.1.tlog
c:\cpython\pcbuild\obj\310amd64_pginstrument\_decimal\_decimal.tlog\rc.write.1.tlog
c:\cpython\pcbuild\obj\310amd64_pginstrument\_decimal\_decimal.tlog\_decimal.write.1u.tlog
