c:\cpython\pcbuild\obj\310win32_debug\_decimal\vc142.pdb
c:\cpython\pcbuild\obj\310win32_debug\_decimal\transpose.obj
c:\cpython\pcbuild\obj\310win32_debug\_decimal\sixstep.obj
c:\cpython\pcbuild\obj\310win32_debug\_decimal\numbertheory.obj
c:\cpython\pcbuild\obj\310win32_debug\_decimal\mpdecimal.obj
c:\cpython\pcbuild\obj\310win32_debug\_decimal\mpalloc.obj
c:\cpython\pcbuild\obj\310win32_debug\_decimal\io.obj
c:\cpython\pcbuild\obj\310win32_debug\_decimal\fourstep.obj
c:\cpython\pcbuild\obj\310win32_debug\_decimal\fnt.obj
c:\cpython\pcbuild\obj\310win32_debug\_decimal\difradix2.obj
c:\cpython\pcbuild\obj\310win32_debug\_decimal\crt.obj
c:\cpython\pcbuild\obj\310win32_debug\_decimal\convolute.obj
c:\cpython\pcbuild\obj\310win32_debug\_decimal\context.obj
c:\cpython\pcbuild\obj\310win32_debug\_decimal\constants.obj
c:\cpython\pcbuild\obj\310win32_debug\_decimal\basearith.obj
c:\cpython\pcbuild\obj\310win32_debug\_decimal\_decimal.obj
c:\cpython\pcbuild\win32\_decimal_d.ilk
c:\cpython\pcbuild\win32\_decimal_d.pyd
c:\cpython\pcbuild\win32\_decimal_d.pdb
c:\cpython\pcbuild\obj\310win32_debug\_decimal\python_nt.res
c:\cpython\pcbuild\win32\_decimal_d.lib
c:\cpython\pcbuild\win32\_decimal_d.exp
c:\cpython\pcbuild\obj\310win32_debug\_decimal\_decimal.tlog\cl.command.1.tlog
c:\cpython\pcbuild\obj\310win32_debug\_decimal\_decimal.tlog\cl.read.1.tlog
c:\cpython\pcbuild\obj\310win32_debug\_decimal\_decimal.tlog\cl.write.1.tlog
c:\cpython\pcbuild\obj\310win32_debug\_decimal\_decimal.tlog\link.command.1.tlog
c:\cpython\pcbuild\obj\310win32_debug\_decimal\_decimal.tlog\link.read.1.tlog
c:\cpython\pcbuild\obj\310win32_debug\_decimal\_decimal.tlog\link.write.1.tlog
c:\cpython\pcbuild\obj\310win32_debug\_decimal\_decimal.tlog\rc.command.1.tlog
c:\cpython\pcbuild\obj\310win32_debug\_decimal\_decimal.tlog\rc.read.1.tlog
c:\cpython\pcbuild\obj\310win32_debug\_decimal\_decimal.tlog\rc.write.1.tlog
c:\cpython\pcbuild\obj\310win32_debug\_decimal\_decimal.tlog\_decimal.write.1u.tlog
