c:\cpython\pcbuild\obj\310amd64_pginstrument\_elementtree\vc142.pdb
c:\cpython\pcbuild\obj\310amd64_pginstrument\_elementtree\xmltok.obj
c:\cpython\pcbuild\obj\310amd64_pginstrument\_elementtree\xmlrole.obj
c:\cpython\pcbuild\obj\310amd64_pginstrument\_elementtree\xmlparse.obj
c:\cpython\pcbuild\obj\310amd64_pginstrument\_elementtree\_elementtree.obj
c:\cpython\pcbuild\amd64\instrumented\_elementtree.pyd
c:\cpython\pcbuild\amd64\instrumented\_elementtree.pgd
c:\cpython\pcbuild\obj\310amd64_pginstrument\_elementtree\_elementtree.iobj
c:\cpython\pcbuild\amd64\instrumented\_elementtree.pdb
c:\cpython\pcbuild\obj\310amd64_pginstrument\_elementtree\python_nt.res
c:\cpython\pcbuild\amd64\instrumented\_elementtree.lib
c:\cpython\pcbuild\amd64\instrumented\_elementtree.exp
c:\cpython\pcbuild\obj\310amd64_pginstrument\_elementtree\_elementtree.tlog\cl.command.1.tlog
c:\cpython\pcbuild\obj\310amd64_pginstrument\_elementtree\_elementtree.tlog\cl.read.1.tlog
c:\cpython\pcbuild\obj\310amd64_pginstrument\_elementtree\_elementtree.tlog\cl.write.1.tlog
c:\cpython\pcbuild\obj\310amd64_pginstrument\_elementtree\_elementtree.tlog\link.command.1.tlog
c:\cpython\pcbuild\obj\310amd64_pginstrument\_elementtree\_elementtree.tlog\link.read.1.tlog
c:\cpython\pcbuild\obj\310amd64_pginstrument\_elementtree\_elementtree.tlog\link.write.1.tlog
c:\cpython\pcbuild\obj\310amd64_pginstrument\_elementtree\_elementtree.tlog\rc.command.1.tlog
c:\cpython\pcbuild\obj\310amd64_pginstrument\_elementtree\_elementtree.tlog\rc.read.1.tlog
c:\cpython\pcbuild\obj\310amd64_pginstrument\_elementtree\_elementtree.tlog\rc.write.1.tlog
c:\cpython\pcbuild\obj\310amd64_pginstrument\_elementtree\_elementtree.tlog\_elementtree.write.1u.tlog
