c:\cpython\pcbuild\win32\liblzma.pdb
c:\cpython\pcbuild\obj\310win32_pgupdate\liblzma\easy_buffer_encoder.obj
c:\cpython\pcbuild\obj\310win32_pgupdate\liblzma\common.obj
c:\cpython\pcbuild\obj\310win32_pgupdate\liblzma\block_util.obj
c:\cpython\pcbuild\obj\310win32_pgupdate\liblzma\block_header_encoder.obj
c:\cpython\pcbuild\obj\310win32_pgupdate\liblzma\block_header_decoder.obj
c:\cpython\pcbuild\obj\310win32_pgupdate\liblzma\block_encoder.obj
c:\cpython\pcbuild\obj\310win32_pgupdate\liblzma\block_decoder.obj
c:\cpython\pcbuild\obj\310win32_pgupdate\liblzma\block_buffer_encoder.obj
c:\cpython\pcbuild\obj\310win32_pgupdate\liblzma\block_buffer_decoder.obj
c:\cpython\pcbuild\obj\310win32_pgupdate\liblzma\auto_decoder.obj
c:\cpython\pcbuild\obj\310win32_pgupdate\liblzma\alone_encoder.obj
c:\cpython\pcbuild\obj\310win32_pgupdate\liblzma\alone_decoder.obj
c:\cpython\pcbuild\obj\310win32_pgupdate\liblzma\sha256.obj
c:\cpython\pcbuild\obj\310win32_pgupdate\liblzma\crc64_table.obj
c:\cpython\pcbuild\obj\310win32_pgupdate\liblzma\crc64_fast.obj
c:\cpython\pcbuild\obj\310win32_pgupdate\liblzma\crc32_table.obj
c:\cpython\pcbuild\obj\310win32_pgupdate\liblzma\crc32_fast.obj
c:\cpython\pcbuild\obj\310win32_pgupdate\liblzma\check.obj
c:\cpython\pcbuild\obj\310win32_pgupdate\liblzma\tuklib_physmem.obj
c:\cpython\pcbuild\obj\310win32_pgupdate\liblzma\tuklib_cpucores.obj
c:\cpython\pcbuild\obj\310win32_pgupdate\liblzma\stream_buffer_encoder.obj
c:\cpython\pcbuild\obj\310win32_pgupdate\liblzma\stream_buffer_decoder.obj
c:\cpython\pcbuild\obj\310win32_pgupdate\liblzma\outqueue.obj
c:\cpython\pcbuild\obj\310win32_pgupdate\liblzma\index_hash.obj
c:\cpython\pcbuild\obj\310win32_pgupdate\liblzma\index_encoder.obj
c:\cpython\pcbuild\obj\310win32_pgupdate\liblzma\index_decoder.obj
c:\cpython\pcbuild\obj\310win32_pgupdate\liblzma\index.obj
c:\cpython\pcbuild\obj\310win32_pgupdate\liblzma\hardware_physmem.obj
c:\cpython\pcbuild\obj\310win32_pgupdate\liblzma\hardware_cputhreads.obj
c:\cpython\pcbuild\obj\310win32_pgupdate\liblzma\filter_flags_encoder.obj
c:\cpython\pcbuild\obj\310win32_pgupdate\liblzma\filter_flags_decoder.obj
c:\cpython\pcbuild\obj\310win32_pgupdate\liblzma\filter_encoder.obj
c:\cpython\pcbuild\obj\310win32_pgupdate\liblzma\filter_decoder.obj
c:\cpython\pcbuild\obj\310win32_pgupdate\liblzma\filter_common.obj
c:\cpython\pcbuild\obj\310win32_pgupdate\liblzma\filter_buffer_encoder.obj
c:\cpython\pcbuild\obj\310win32_pgupdate\liblzma\filter_buffer_decoder.obj
c:\cpython\pcbuild\obj\310win32_pgupdate\liblzma\easy_preset.obj
c:\cpython\pcbuild\obj\310win32_pgupdate\liblzma\easy_encoder_memusage.obj
c:\cpython\pcbuild\obj\310win32_pgupdate\liblzma\easy_encoder.obj
c:\cpython\pcbuild\obj\310win32_pgupdate\liblzma\easy_decoder_memusage.obj
c:\cpython\pcbuild\obj\310win32_pgupdate\liblzma\lzma_encoder_presets.obj
c:\cpython\pcbuild\obj\310win32_pgupdate\liblzma\lzma_encoder_optimum_normal.obj
c:\cpython\pcbuild\obj\310win32_pgupdate\liblzma\lzma_encoder_optimum_fast.obj
c:\cpython\pcbuild\obj\310win32_pgupdate\liblzma\lzma_encoder.obj
c:\cpython\pcbuild\obj\310win32_pgupdate\liblzma\lzma_decoder.obj
c:\cpython\pcbuild\obj\310win32_pgupdate\liblzma\lzma2_encoder.obj
c:\cpython\pcbuild\obj\310win32_pgupdate\liblzma\lzma2_decoder.obj
c:\cpython\pcbuild\obj\310win32_pgupdate\liblzma\fastpos_table.obj
c:\cpython\pcbuild\obj\310win32_pgupdate\liblzma\delta_encoder.obj
c:\cpython\pcbuild\obj\310win32_pgupdate\liblzma\delta_decoder.obj
c:\cpython\pcbuild\obj\310win32_pgupdate\liblzma\delta_common.obj
c:\cpython\pcbuild\obj\310win32_pgupdate\liblzma\vli_size.obj
c:\cpython\pcbuild\obj\310win32_pgupdate\liblzma\vli_encoder.obj
c:\cpython\pcbuild\obj\310win32_pgupdate\liblzma\vli_decoder.obj
c:\cpython\pcbuild\obj\310win32_pgupdate\liblzma\stream_flags_encoder.obj
c:\cpython\pcbuild\obj\310win32_pgupdate\liblzma\stream_flags_decoder.obj
c:\cpython\pcbuild\obj\310win32_pgupdate\liblzma\stream_flags_common.obj
c:\cpython\pcbuild\obj\310win32_pgupdate\liblzma\stream_encoder_mt.obj
c:\cpython\pcbuild\obj\310win32_pgupdate\liblzma\stream_encoder.obj
c:\cpython\pcbuild\obj\310win32_pgupdate\liblzma\stream_decoder.obj
c:\cpython\pcbuild\obj\310win32_pgupdate\liblzma\x86.obj
c:\cpython\pcbuild\obj\310win32_pgupdate\liblzma\sparc.obj
c:\cpython\pcbuild\obj\310win32_pgupdate\liblzma\simple_encoder.obj
c:\cpython\pcbuild\obj\310win32_pgupdate\liblzma\simple_decoder.obj
c:\cpython\pcbuild\obj\310win32_pgupdate\liblzma\simple_coder.obj
c:\cpython\pcbuild\obj\310win32_pgupdate\liblzma\powerpc.obj
c:\cpython\pcbuild\obj\310win32_pgupdate\liblzma\ia64.obj
c:\cpython\pcbuild\obj\310win32_pgupdate\liblzma\armthumb.obj
c:\cpython\pcbuild\obj\310win32_pgupdate\liblzma\arm.obj
c:\cpython\pcbuild\obj\310win32_pgupdate\liblzma\price_table.obj
c:\cpython\pcbuild\obj\310win32_pgupdate\liblzma\lz_encoder_mf.obj
c:\cpython\pcbuild\obj\310win32_pgupdate\liblzma\lz_encoder.obj
c:\cpython\pcbuild\obj\310win32_pgupdate\liblzma\lz_decoder.obj
c:\cpython\pcbuild\win32\liblzma.lib
c:\cpython\pcbuild\obj\310win32_pgupdate\liblzma\liblzma.tlog\cl.command.1.tlog
c:\cpython\pcbuild\obj\310win32_pgupdate\liblzma\liblzma.tlog\cl.read.1.tlog
c:\cpython\pcbuild\obj\310win32_pgupdate\liblzma\liblzma.tlog\cl.write.1.tlog
c:\cpython\pcbuild\obj\310win32_pgupdate\liblzma\liblzma.tlog\lib-link.read.1.tlog
c:\cpython\pcbuild\obj\310win32_pgupdate\liblzma\liblzma.tlog\lib-link.write.1.tlog
c:\cpython\pcbuild\obj\310win32_pgupdate\liblzma\liblzma.tlog\lib.command.1.tlog
