c:\cpython\pcbuild\obj\310amd64_pginstrument\_ssl\vc142.pdb
c:\cpython\pcbuild\obj\310amd64_pginstrument\_ssl\_ssl.obj
c:\cpython\pcbuild\obj\310amd64_pginstrument\_ssl\applink.obj
c:\cpython\pcbuild\amd64\instrumented\_ssl.pyd
c:\cpython\pcbuild\amd64\instrumented\_ssl.pgd
c:\cpython\pcbuild\obj\310amd64_pginstrument\_ssl\_ssl.iobj
c:\cpython\pcbuild\amd64\instrumented\_ssl.pdb
c:\cpython\pcbuild\obj\310amd64_pginstrument\_ssl\python_nt.res
c:\cpython\pcbuild\amd64\instrumented\_ssl.lib
c:\cpython\pcbuild\amd64\instrumented\_ssl.exp
c:\cpython\pcbuild\obj\310amd64_pginstrument\_ssl\_ssl.tlog\cl.command.1.tlog
c:\cpython\pcbuild\obj\310amd64_pginstrument\_ssl\_ssl.tlog\cl.read.1.tlog
c:\cpython\pcbuild\obj\310amd64_pginstrument\_ssl\_ssl.tlog\cl.write.1.tlog
c:\cpython\pcbuild\obj\310amd64_pginstrument\_ssl\_ssl.tlog\link.command.1.tlog
c:\cpython\pcbuild\obj\310amd64_pginstrument\_ssl\_ssl.tlog\link.read.1.tlog
c:\cpython\pcbuild\obj\310amd64_pginstrument\_ssl\_ssl.tlog\link.write.1.tlog
c:\cpython\pcbuild\obj\310amd64_pginstrument\_ssl\_ssl.tlog\rc.command.1.tlog
c:\cpython\pcbuild\obj\310amd64_pginstrument\_ssl\_ssl.tlog\rc.read.1.tlog
c:\cpython\pcbuild\obj\310amd64_pginstrument\_ssl\_ssl.tlog\rc.write.1.tlog
c:\cpython\pcbuild\obj\310amd64_pginstrument\_ssl\_ssl.tlog\_ssl.write.1u.tlog
